<?xml version="1.0" encoding="UTF-8"?>
<!-- Generated by org.testng.reporters.JUnitXMLReporter -->
<testsuite ignored="0" hostname="LAPTOP-E956GLFD" failures="1" tests="3" name="SauceTest" time="29.458" errors="0" timestamp="2021-08-20T07:35:26 IST">
  <testcase classname="LoginTest" name="login" time="10.111"/>
  <testcase classname="AddToCart_Test" name="addToCart" time="7.915">
    <failure type="java.lang.AssertionError" message="expected [Sauce Labs ] but found [Sauce Labs Backpack]">
      <![CDATA[java.lang.AssertionError: expected [Sauce Labs ] but found [Sauce Labs Backpack]
at AddToCart_Test.addToCart(AddToCart_Test.java:43)
at java.base/java.util.ArrayList.forEach(ArrayList.java:1511)
... Removed 33 stack frames]]>
    </failure>
  </testcase> <!-- addToCart -->
  <testcase classname="Logout_Test" name="logout" time="11.329"/>
</testsuite> <!-- SauceTest -->
