<?xml version="1.0" encoding="UTF-8"?>
<testng-results ignored="0" total="1" passed="1" failed="0" skipped="0">
  <reporter-output>
  </reporter-output>
  <suite started-at="2021-08-21T07:41:19 IST" name="Default suite" finished-at="2021-08-21T07:41:20 IST" duration-ms="172">
    <groups>
    </groups>
    <test started-at="2021-08-21T07:41:19 IST" name="Default test" finished-at="2021-08-21T07:41:20 IST" duration-ms="172">
      <class name="Util.TestUtil">
        <test-method signature="DateTime()[pri:0, instance:Util.TestUtil@1613674b]" started-at="2021-08-21T07:41:20 IST" name="DateTime" finished-at="2021-08-21T07:41:20 IST" duration-ms="53" status="PASS">
          <reporter-output>
          </reporter-output>
        </test-method> <!-- DateTime -->
      </class> <!-- Util.TestUtil -->
    </test> <!-- Default test -->
  </suite> <!-- Default suite -->
</testng-results>
